[13:59:14] INFO  [App] Startup began.
[13:59:14] INFO  [App] Hidden message window created.
[13:59:14] INFO  [App] Tray icon ready.
[13:59:14] INFO  [Hotkey] Registered Ctrl+Shift+Space.
[13:59:14] INFO  [Hotkey] Registered Ctrl+Shift+Space.
[13:59:14] INFO  [App] Overlay window created. App is ready.
[14:00:30] INFO  [Hotkey] WM_HOTKEY received for Ctrl+Shift+Space.
[14:00:30] INFO  [Hotkey] Triggered via Ctrl+Shift+Space.
[14:00:31] INFO  [Window] Foreground process=Code title="App.xaml.cs - prototype3 - Visual Studio Code" class=Chrome_WidgetWin_1 hwnd=328508
[14:00:31] INFO  [Window] Classified environment as ide.
[14:00:31] INFO  [Capture] Using strategy IDEStrategy.
[14:00:31] INFO  [IDE] Falling back to clipboard selection capture.
[14:00:31] INFO  [Clipboard] Attempting clipboard fallback for Code.
[14:00:31] INFO  [Clipboard] Restoring focus to Code before Ctrl+C.
[14:00:36] INFO  [Hotkey] WM_HOTKEY received for Ctrl+Shift+Space.
[14:00:36] INFO  [Hotkey] Triggered via Ctrl+Shift+Space.
[14:00:36] INFO  [Clipboard] Clipboard fallback succeeded on first attempt (210 chars).
[14:00:36] INFO  [Capture] Result env=ide method=clipboard_selection fallback=True selected=207 visible=0 full=0 unsupported=False partial=True confidence=0.55
[14:00:36] INFO  [Capture] Selected preview: if (!string.IsNullOrWhiteSpace(captureResult.FullContextText))             {    ...
[14:00:36] INFO  [Backend] Sending capture payload to backend.
[14:00:36] INFO  [Backend] Connecting to ws://localhost:3000/ws/stream | selected=207 visible=0 full=0 env=ide method=clipboard_selection fallback=True partial=True
[14:00:36] INFO  [Window] Foreground process=Code title="App.xaml.cs - prototype3 - Visual Studio Code" class=Chrome_WidgetWin_1 hwnd=328508
[14:00:36] INFO  [Window] Classified environment as ide.
[14:00:36] INFO  [Capture] Using strategy IDEStrategy.
[14:00:36] INFO  [IDE] Falling back to clipboard selection capture.
[14:00:36] INFO  [Clipboard] Attempting clipboard fallback for Code.
[14:00:36] INFO  [Backend] WebSocket connected.
[14:00:36] INFO  [Backend] Capture payload sent to backend.
[14:00:36] WARN  [Clipboard] First clipboard attempt returned empty text. Retrying once.
[14:00:36] INFO  [Backend] Stream meta: ide | clipboard_selection | partial
[14:00:36] WARN  [Clipboard] Clipboard fallback still returned empty text after retry.
[14:00:36] INFO  [Capture] Result env=ide method=clipboard_selection fallback=True selected=0 visible=0 full=0 unsupported=False partial=True confidence=0.00
[14:00:36] WARN  [Capture] No selected text was captured.
[14:00:36] WARN  [Overlay] No selected text was captured from this application.
[14:00:37] INFO  [Backend] Token received (2 chars).
[14:00:37] INFO  [Backend] Token received (4 chars).
[14:00:37] INFO  [Backend] Token received (12 chars).
[14:00:37] INFO  [Backend] Token received (4 chars).
[14:00:37] INFO  [Backend] Token received (4 chars).
[14:00:37] INFO  [Backend] Token received (5 chars).
[14:00:37] INFO  [Backend] Token received (7 chars).
[14:00:37] INFO  [Backend] Token received (3 chars).
[14:00:37] INFO  [Backend] Token received (2 chars).
[14:00:37] INFO  [Backend] Token received (5 chars).
[14:00:37] INFO  [Backend] Token received (3 chars).
[14:00:37] INFO  [Backend] Token received (4 chars).
[14:00:37] INFO  [Backend] Token received (6 chars).
[14:00:37] INFO  [Backend] Token received (4 chars).
[14:00:37] INFO  [Backend] Token received (5 chars).
[14:00:37] INFO  [Backend] Token received (5 chars).
[14:00:37] INFO  [Backend] Token received (2 chars).
[14:00:37] INFO  [Backend] Token received (8 chars).
[14:00:37] INFO  [Backend] Token received (3 chars).
[14:00:37] INFO  [Backend] Token received (5 chars).
[14:00:37] INFO  [Backend] Token received (5 chars).
[14:00:37] INFO  [Backend] Token received (1 chars).
[14:00:37] INFO  [Backend] Token received (5 chars).
[14:00:37] INFO  [Backend] Token received (2 chars).
[14:00:37] INFO  [Backend] Token received (2 chars).
[14:00:37] INFO  [Backend] Token received (5 chars).
[14:00:37] INFO  [Backend] Token received (3 chars).
[14:00:37] INFO  [Backend] Token received (5 chars).
[14:00:37] INFO  [Backend] Token received (10 chars).
[14:00:37] INFO  [Backend] Token received (3 chars).
[14:00:37] INFO  [Backend] Token received (1 chars).
[14:00:37] INFO  [Backend] Token received (1 chars).
[14:00:37] INFO  [Backend] Token received (2 chars).
[14:00:37] INFO  [Backend] Token received (2 chars).
[14:00:37] INFO  [Backend] Token received (3 chars).
[14:00:37] INFO  [Backend] Token received (6 chars).
[14:00:37] INFO  [Backend] Token received (19 chars).
[14:00:37] INFO  [Backend] Token received (2 chars).
[14:00:37] INFO  [Backend] Token received (6 chars).
[14:00:37] INFO  [Backend] Token received (6 chars).
[14:00:37] INFO  [Backend] Token received (5 chars).
[14:00:37] INFO  [Backend] Token received (7 chars).
[14:00:37] INFO  [Backend] Token received (4 chars).
[14:00:37] INFO  [Backend] Token received (2 chars).
[14:00:37] INFO  [Backend] Token received (2 chars).
[14:00:37] INFO  [Backend] Token received (5 chars).
[14:00:37] INFO  [Backend] Token received (5 chars).
[14:00:37] INFO  [Backend] Token received (7 chars).
[14:00:37] INFO  [Backend] Token received (3 chars).
[14:00:37] INFO  [Backend] Token received (4 chars).
[14:00:37] INFO  [Backend] Token received (2 chars).
[14:00:37] INFO  [Backend] Token received (4 chars).
[14:00:37] INFO  [Backend] Token received (7 chars).
[14:00:37] INFO  [Backend] Token received (4 chars).
[14:00:37] INFO  [Backend] Token received (1 chars).
[14:00:37] INFO  [Backend] Token received (9 chars).
[14:00:37] INFO  [Backend] Token received (3 chars).
[14:00:37] INFO  [Backend] Token received (2 chars).
[14:00:37] INFO  [Backend] Token received (7 chars).
[14:00:37] INFO  [Backend] Token received (6 chars).
[14:00:37] INFO  [Backend] Token received (1 chars).
[14:00:37] INFO  [Backend] Token received (3 chars).
[14:00:37] INFO  [Backend] Token received (4 chars).
[14:00:37] INFO  [Backend] Token received (6 chars).
[14:00:37] INFO  [Backend] Token received (1 chars).
[14:00:37] INFO  [Backend] Token received (5 chars).
[14:00:37] INFO  [Backend] Token received (1 chars).
[14:00:37] INFO  [Backend] Token received (3 chars).
[14:00:37] INFO  [Backend] Token received (11 chars).
[14:00:37] INFO  [Backend] Token received (5 chars).
[14:00:37] INFO  [Backend] Token received (11 chars).
[14:00:37] INFO  [Backend] Token received (11 chars).
[14:00:37] INFO  [Backend] Token received (1 chars).
[14:00:37] INFO  [Backend] Token received (4 chars).
[14:00:37] INFO  [Backend] Token received (2 chars).
[14:00:37] INFO  [Backend] Token received (6 chars).
[14:00:37] INFO  [Backend] Token received (19 chars).
[14:00:37] INFO  [Backend] Token received (1 chars).
[14:00:37] INFO  [Backend] Token received (7 chars).
[14:00:37] INFO  [Backend] Token received (3 chars).
[14:00:37] INFO  [Backend] Token received (5 chars).
[14:00:37] INFO  [Backend] Token received (3 chars).
[14:00:37] INFO  [Backend] Token received (8 chars).
[14:00:37] INFO  [Backend] Token received (5 chars).
[14:00:37] INFO  [Backend] Token received (6 chars).
[14:00:37] INFO  [Backend] Token received (2 chars).
[14:00:37] INFO  [Backend] Token received (1 chars).
[14:00:37] INFO  [Backend] Token received (1 chars).
[14:00:37] INFO  [Backend] Token received (3 chars).
[14:00:37] INFO  [Backend] Token received (4 chars).
[14:00:37] INFO  [Backend] Token received (5 chars).
[14:00:37] INFO  [Backend] Token received (3 chars).
[14:00:37] INFO  [Backend] Token received (4 chars).
[14:00:37] INFO  [Backend] Token received (6 chars).
[14:00:37] INFO  [Backend] Token received (1 chars).
[14:00:37] INFO  [Backend] Token received (4 chars).
[14:00:37] INFO  [Backend] Token received (5 chars).
[14:00:37] INFO  [Backend] Token received (7 chars).
[14:00:37] INFO  [Backend] Token received (4 chars).
[14:00:37] INFO  [Backend] Token received (2 chars).
[14:00:37] INFO  [Backend] Token received (2 chars).
[14:00:37] INFO  [Backend] Token received (1 chars).
[14:00:37] INFO  [Backend] Token received (10 chars).
[14:00:37] INFO  [Backend] Token received (3 chars).
[14:00:37] INFO  [Backend] Token received (9 chars).
[14:00:37] INFO  [Backend] Token received (2 chars).
[14:00:37] INFO  [Backend] Token received (1 chars).
[14:00:37] INFO  [Backend] Token received (1 chars).
[14:00:37] INFO  [Backend] Token received (2 chars).
[14:00:37] INFO  [Backend] Token received (7 chars).
[14:00:37] INFO  [Backend] Token received (3 chars).
[14:00:37] INFO  [Backend] Token received (5 chars).
[14:00:37] INFO  [Backend] Token received (2 chars).
[14:00:37] INFO  [Backend] Token received (7 chars).
[14:00:37] INFO  [Backend] Token received (2 chars).
[14:00:37] INFO  [Backend] Token received (3 chars).
[14:00:37] INFO  [Backend] Token received (4 chars).
[14:00:37] INFO  [Backend] Token received (8 chars).
[14:00:37] INFO  [Backend] Token received (1 chars).
[14:00:37] INFO  [Backend] Token received (2 chars).
[14:00:37] INFO  [Backend] Token received (7 chars).
[14:00:37] INFO  [Backend] Token received (3 chars).
[14:00:37] INFO  [Backend] Token received (2 chars).
[14:00:37] INFO  [Backend] Token received (6 chars).
[14:00:37] INFO  [Backend] Token received (2 chars).
[14:00:37] INFO  [Backend] Token received (6 chars).
[14:00:37] INFO  [Backend] Token received (6 chars).
[14:00:37] INFO  [Backend] Token received (5 chars).
[14:00:37] INFO  [Backend] Token received (7 chars).
[14:00:37] INFO  [Backend] Token received (4 chars).
[14:00:37] INFO  [Backend] Token received (2 chars).
[14:00:37] INFO  [Backend] Token received (2 chars).
[14:00:37] INFO  [Backend] Token received (2 chars).
[14:00:37] INFO  [Backend] Token received (5 chars).
[14:00:37] INFO  [Backend] Token received (5 chars).
[14:00:37] INFO  [Backend] Token received (5 chars).
[14:00:37] INFO  [Backend] Token received (3 chars).
[14:00:37] INFO  [Backend] Token received (14 chars).
[14:00:37] INFO  [Backend] Token received (8 chars).
[14:00:37] INFO  [Backend] Token received (5 chars).
[14:00:37] INFO  [Backend] Token received (4 chars).
[14:00:37] INFO  [Backend] Token received (9 chars).
[14:00:37] INFO  [Backend] Token received (2 chars).
[14:00:37] INFO  [Backend] Token received (7 chars).
[14:00:37] INFO  [Backend] Token received (2 chars).
[14:00:38] INFO  [Backend] Token received (4 chars).
[14:00:38] INFO  [Backend] Token received (8 chars).
[14:00:38] INFO  [Backend] Token received (9 chars).
[14:00:38] INFO  [Backend] Token received (2 chars).
[14:00:38] INFO  [Backend] Token received (8 chars).
[14:00:38] INFO  [Backend] Token received (3 chars).
[14:00:38] INFO  [Backend] Token received (4 chars).
[14:00:38] INFO  [Backend] Token received (2 chars).
[14:00:38] INFO  [Backend] Token received (4 chars).
[14:00:38] INFO  [Backend] Token received (7 chars).
[14:00:38] INFO  [Backend] Token received (4 chars).
[14:00:38] INFO  [Backend] Token received (1 chars).
[14:00:38] INFO  [Backend] Token received (6 chars).
[14:00:38] INFO  [Backend] Token received (4 chars).
[14:00:38] INFO  [Backend] Token received (2 chars).
[14:00:38] INFO  [Backend] Token received (7 chars).
[14:00:38] INFO  [Backend] Token received (3 chars).
[14:00:38] INFO  [Backend] Token received (2 chars).
[14:00:38] INFO  [Backend] Token received (6 chars).
[14:00:38] INFO  [Backend] Token received (1 chars).
[14:00:38] INFO  [Backend] Token received (7 chars).
[14:00:38] INFO  [Backend] Token received (3 chars).
[14:00:38] INFO  [Backend] Token received (2 chars).
[14:00:38] INFO  [Backend] Token received (5 chars).
[14:00:38] INFO  [Backend] Token received (5 chars).
[14:00:38] INFO  [Backend] Token received (12 chars).
[14:00:38] INFO  [Backend] Token received (8 chars).
[14:00:38] INFO  [Backend] Token received (1 chars).
[14:00:38] INFO  [Backend] Token received (12 chars).
[14:00:38] INFO  [Backend] Token received (10 chars).
[14:00:38] INFO  [Backend] Token received (5 chars).
[14:00:38] INFO  [Backend] Token received (5 chars).
[14:00:38] INFO  [Backend] Token received (1 chars).
[14:00:38] INFO  [Backend] Token received (8 chars).
[14:00:38] INFO  [Backend] Token received (4 chars).
[14:00:38] INFO  [Backend] Token received (3 chars).
[14:00:38] INFO  [Backend] Token received (8 chars).
[14:00:38] INFO  [Backend] Token received (8 chars).
[14:00:38] INFO  [Backend] Token received (5 chars).
[14:00:38] INFO  [Backend] Token received (3 chars).
[14:00:38] INFO  [Backend] Token received (2 chars).
[14:00:38] INFO  [Backend] Token received (3 chars).
[14:00:38] INFO  [Backend] Token received (11 chars).
[14:00:38] INFO  [Backend] Token received (10 chars).
[14:00:38] INFO  [Backend] Token received (3 chars).
[14:00:38] INFO  [Backend] Token received (13 chars).
[14:00:38] INFO  [Backend] Token received (3 chars).
[14:00:38] INFO  [Backend] Token received (2 chars).
[14:00:38] INFO  [Backend] Token received (2 chars).
[14:00:38] INFO  [Backend] Token received (1 chars).
[14:00:38] INFO  [Backend] Token received (10 chars).
[14:00:38] INFO  [Backend] Token received (1 chars).
[14:00:38] INFO  [Backend] Token received (6 chars).
[14:00:38] INFO  [Backend] Token received (3 chars).
[14:00:38] INFO  [Backend] Token received (5 chars).
[14:00:38] INFO  [Backend] Token received (3 chars).
[14:00:38] INFO  [Backend] Token received (8 chars).
[14:00:38] INFO  [Backend] Token received (5 chars).
[14:00:38] INFO  [Backend] Token received (6 chars).
[14:00:38] INFO  [Backend] Token received (3 chars).
[14:00:38] INFO  [Backend] Token received (2 chars).
[14:00:38] INFO  [Backend] Token received (10 chars).
[14:00:38] INFO  [Backend] Token received (1 chars).
[14:00:38] INFO  [Backend] Token received (3 chars).
[14:00:38] INFO  [Backend] Token received (5 chars).
[14:00:38] INFO  [Backend] Token received (5 chars).
[14:00:38] INFO  [Backend] Token received (1 chars).
[14:00:38] INFO  [Backend] Token received (4 chars).
[14:00:38] INFO  [Backend] Token received (10 chars).
[14:00:38] INFO  [Backend] Token received (3 chars).
[14:00:38] INFO  [Backend] Token received (2 chars).
[14:00:38] INFO  [Backend] Token received (5 chars).
[14:00:38] INFO  [Backend] Token received (6 chars).
[14:00:38] INFO  [Backend] Token received (6 chars).
[14:00:38] INFO  [Backend] Token received (2 chars).
[14:00:38] INFO  [Backend] Token received (6 chars).
[14:00:38] INFO  [Backend] Token received (19 chars).
[14:00:38] INFO  [Backend] Token received (2 chars).
[14:00:38] INFO  [Backend] Token received (6 chars).
[14:00:38] INFO  [Backend] Token received (3 chars).
[14:00:38] INFO  [Backend] Token received (2 chars).
[14:00:38] INFO  [Backend] Token received (7 chars).
[14:00:38] INFO  [Backend] Token received (5 chars).
[14:00:38] INFO  [Backend] Token received (7 chars).
[14:00:38] INFO  [Backend] Token received (4 chars).
[14:00:38] INFO  [Backend] Token received (6 chars).
[14:00:38] INFO  [Backend] Token received (1 chars).
[14:00:38] INFO  [Backend] Token received (5 chars).
[14:00:38] INFO  [Backend] Token received (1 chars).
[14:00:38] INFO  [Backend] Token received (3 chars).
[14:00:38] INFO  [Backend] Token received (11 chars).
[14:00:38] INFO  [Backend] Token received (5 chars).
[14:00:38] INFO  [Backend] Token received (8 chars).
[14:00:38] INFO  [Backend] Token received (3 chars).
[14:00:38] INFO  [Backend] Token received (9 chars).
[14:00:38] INFO  [Backend] Token received (9 chars).
[14:00:38] INFO  [Backend] Token received (8 chars).
[14:00:38] INFO  [Backend] Token received (3 chars).
[14:00:38] INFO  [Backend] Token received (1 chars).
[14:00:38] INFO  [Backend] Token received (3 chars).
[14:00:38] INFO  [Backend] Token received (4 chars).
[14:00:38] INFO  [Backend] Token received (1 chars).
[14:00:38] INFO  [Backend] Token received (8 chars).
[14:00:38] INFO  [Backend] Token received (3 chars).
[14:00:38] INFO  [Backend] Token received (4 chars).
[14:00:38] INFO  [Backend] Token received (5 chars).
[14:00:38] INFO  [Backend] Token received (5 chars).
[14:00:38] INFO  [Backend] Token received (2 chars).
[14:00:38] INFO  [Backend] Token received (6 chars).
[14:00:38] INFO  [Backend] Token received (19 chars).
[14:00:38] INFO  [Backend] Token received (1 chars).
[14:00:38] INFO  [Backend] Token received (3 chars).
[14:00:38] INFO  [Backend] Token received (6 chars).
[14:00:38] INFO  [Backend] Token received (3 chars).
[14:00:38] INFO  [Backend] Token received (4 chars).
[14:00:38] INFO  [Backend] Token received (5 chars).
[14:00:38] INFO  [Backend] Token received (3 chars).
[14:00:38] INFO  [Backend] Token received (6 chars).
[14:00:38] INFO  [Backend] Token received (3 chars).
[14:00:38] INFO  [Backend] Token received (5 chars).
[14:00:38] INFO  [Backend] Token received (1 chars).
[14:00:38] INFO  [Backend] Token received (6 chars).
[14:00:38] INFO  [Backend] Token received (3 chars).
[14:00:38] INFO  [Backend] Token received (2 chars).
[14:00:38] INFO  [Backend] Token received (7 chars).
[14:00:38] INFO  [Backend] Token received (9 chars).
[14:00:38] INFO  [Backend] Token received (3 chars).
[14:00:38] INFO  [Backend] Token received (12 chars).
[14:00:38] INFO  [Backend] Token received (3 chars).
[14:00:38] INFO  [Backend] Token received (6 chars).
[14:00:38] INFO  [Backend] Token received (5 chars).
[14:00:38] INFO  [Backend] Token received (10 chars).
[14:00:38] INFO  [Backend] Token received (11 chars).
[14:00:38] INFO  [Backend] Token received (2 chars).
[14:00:38] INFO  [Backend] Token received (1 chars).
[14:00:38] INFO  [Backend] Token received (3 chars).
[14:00:38] INFO  [Backend] Token received (6 chars).
[14:00:38] INFO  [Backend] Token received (6 chars).
[14:00:38] INFO  [Backend] Token received (8 chars).
[14:00:38] INFO  [Backend] Token received (3 chars).
[14:00:38] INFO  [Backend] Token received (4 chars).
[14:00:38] INFO  [Backend] Token received (5 chars).
[14:00:38] INFO  [Backend] Token received (5 chars).
[14:00:38] INFO  [Backend] Token received (4 chars).
[14:00:38] INFO  [Backend] Token received (3 chars).
[14:00:38] INFO  [Backend] Token received (1 chars).
[14:00:38] INFO  [Backend] Token received (7 chars).
[14:00:38] INFO  [Backend] Token received (3 chars).
[14:00:38] INFO  [Backend] Token received (7 chars).
[14:00:38] INFO  [Backend] Token received (3 chars).
[14:00:38] INFO  [Backend] Token received (13 chars).
[14:00:38] INFO  [Backend] Token received (7 chars).
[14:00:38] INFO  [Backend] Token received (1 chars).
[14:00:38] INFO  [Backend] Token received (6 chars).
[14:00:38] INFO  [Backend] Token received (7 chars).
[14:00:38] INFO  [Backend] Token received (10 chars).
[14:00:38] INFO  [Backend] Token received (12 chars).
[14:00:38] INFO  [Backend] Token received (7 chars).
[14:00:38] INFO  [Backend] Token received (7 chars).
[14:00:38] INFO  [Backend] Token received (9 chars).
[14:00:38] INFO  [Backend] Token received (2 chars).
[14:00:38] INFO  [Backend] Token received (1 chars).
[14:00:38] INFO  [Backend] Token received (3 chars).
[14:00:38] INFO  [Backend] Token received (7 chars).
[14:00:38] INFO  [Backend] Token received (3 chars).
[14:00:38] INFO  [Backend] Token received (4 chars).
[14:00:38] INFO  [Backend] Token received (5 chars).
[14:00:38] INFO  [Backend] Token received (5 chars).
[14:00:38] INFO  [Backend] Token received (2 chars).
[14:00:38] INFO  [Backend] Token received (8 chars).
[14:00:38] INFO  [Backend] Token received (10 chars).
[14:00:38] INFO  [Backend] Token received (3 chars).
[14:00:38] INFO  [Backend] Token received (7 chars).
[14:00:38] INFO  [Backend] Token received (3 chars).
[14:00:38] INFO  [Backend] Token received (2 chars).
[14:00:38] INFO  [Backend] Token received (3 chars).
[14:00:38] INFO  [Backend] Token received (7 chars).
[14:00:38] INFO  [Backend] Token received (14 chars).
[14:00:38] INFO  [Backend] Token received (9 chars).
[14:00:38] INFO  [Backend] Token received (1 chars).
[14:00:38] INFO  [Backend] Token received (6 chars).
[14:00:38] INFO  [Backend] Token received (3 chars).
[14:00:38] INFO  [Backend] Token received (2 chars).
[14:00:38] INFO  [Backend] Token received (7 chars).
[14:00:38] INFO  [Backend] Token received (9 chars).
[14:00:38] INFO  [Backend] Token received (3 chars).
[14:00:38] INFO  [Backend] Token received (9 chars).
[14:00:38] INFO  [Backend] Token received (12 chars).
[14:00:38] INFO  [Backend] Token received (4 chars).
[14:00:38] INFO  [Backend] Token received (10 chars).
[14:00:38] INFO  [Backend] Token received (4 chars).
[14:00:38] INFO  [Backend] Token received (11 chars).
[14:00:38] INFO  [Backend] Token received (9 chars).
[14:00:38] INFO  [Backend] Token received (1 chars).
[14:00:38] INFO  [Backend] Stream complete.
[14:01:06] ERROR [Backend] Connection error: The operation was canceled.
[14:01:19] INFO  [Hotkey] WM_HOTKEY received for Ctrl+Shift+Space.
[14:01:19] INFO  [Hotkey] Triggered via Ctrl+Shift+Space.
[14:01:19] INFO  [Window] Foreground process=Code title="App.xaml.cs - prototype3 - Visual Studio Code" class=Chrome_WidgetWin_1 hwnd=328508
[14:01:19] INFO  [Window] Classified environment as ide.
[14:01:19] INFO  [Capture] Using strategy IDEStrategy.
[14:01:19] INFO  [IDE] Falling back to clipboard selection capture.
[14:01:19] INFO  [Clipboard] Attempting clipboard fallback for Code.
[14:01:19] WARN  [Clipboard] First clipboard attempt returned empty text. Retrying once.
[14:01:20] WARN  [Clipboard] Clipboard fallback still returned empty text after retry.
[14:01:20] INFO  [Capture] Result env=ide method=clipboard_selection fallback=True selected=0 visible=0 full=0 unsupported=False partial=True confidence=0.00
[14:01:20] WARN  [Capture] No selected text was captured.
[14:01:20] WARN  [Overlay] No selected text was captured from this application.
